[INFO] Using detected pipeline_shared_cache at: C:\Users\ederg\source\repos\THE-SEED\pipeline_shared_cache
=== Seed Checkpoint Analyzer ===
Checkpoint: output_phase4_minimal/checkpoints/checkpoint_1890.json
Config:     market-config.phase4-minimal.json
Output:     output_phase4_minimal/analysis_1890
End date:   2026-04-20 21:36:00Z

[ANALYZER] Loading checkpoint: output_phase4_minimal/checkpoints/checkpoint_1890.json
[ANALYZER] Checkpoint gen=1890, bestFit=2.7767, pop=200, archive=26
[ANALYZER] Loading historical data + enrichment (cache-first)...
[ENRICH] Downloading ETH candles...
[ENRICH] ETH + multi-asset: 12 slots
[ENRICH] Downloading macro data...
[ENRICH] +Macro: 23 slots
[ENRICH] Downloading on-chain data...
[ENRICH] +On-chain: 31 slots
[ENRICH] Downloading Fear & Greed...
[ENRICH] +Fear/Greed: 34 slots
[ENRICH] Downloading stablecoin/market data...
[ENRICH] +Stablecoin: 40 slots
[ENRICH] Downloading funding rates...
[ENRICH] +Funding: 42 slots
[ENRICH] Downloading derivatives data...
[ENRICH] +Derivatives: 48 slots
[ENRICH] Downloading futures klines for FuturesPremium...
[ENRICH] +FuturesPremium: 1 slots
[ENRICH] Downloading Deribit DVOL (IV index)...
[ENRICH] +Deribit IV: 1 slots
[ENRICH] Downloading Coinglass liquidation + exchange balance...
[ENRICH] +Coinglass: 4 slots
[ENRICH] Complete: 54 enrichment slots populated
[ANALYZER] Loaded 121015 bars; validation window = 17520 bars (4380h)
[ANALYZER] Evaluating 221 unique genomes against validation window...
[ANALYZER] 25/221 evaluated (40s elapsed)
[ANALYZER] 50/221 evaluated (95s elapsed)
[ANALYZER] 75/221 evaluated (199s elapsed)
[ANALYZER] 100/221 evaluated (356s elapsed)
[ANALYZER] 125/221 evaluated (478s elapsed)
[ANALYZER] 150/221 evaluated (533s elapsed)
[ANALYZER] 175/221 evaluated (631s elapsed)
[ANALYZER] 200/221 evaluated (832s elapsed)
[ANALYZER] Complete: 221 genomes in 1689.7s
[ANALYZER] Outputs saved to: output_phase4_minimal/analysis_1890
  - best_market_genome.json
  - top10_val_genomes.json
  - ensemble_champions.json
  - archive_val_scores.json
  - population_val_scores.json
  - analysis_summary.txt

=== DONE ===
Best ValFit: 1.4938 (GenomeId: 7e66392c-c18a-43f9-adfa-02de0262442e)
