╔══════════════════════════════════════════════════════════════╗
║          THE SEED — PIPELINE TRAINING                       ║
║  Phases: 2                                                 ║
╚══════════════════════════════════════════════════════════════╝
  Phase 1: market-config.phase4.json -> output_phase4 (gen 1000)
  Phase 2: market-config.phase5.json -> output_phase5 (gen 1200)
  Fixed date range end: 2026-04-12 10:12 UTC
  Shared cache: C:\Users\ederg\source\repos\THE-SEED\pipeline_shared_cache

═══════════════════════════════════════════════════════════     
  PIPELINE PHASE 1/2: market-config.phase4.json
  Generations: 1000
  Output: output_phase4
  Data cache: C:\Users\ederg\source\repos\THE-SEED\pipeline_shared_cache
═══════════════════════════════════════════════════════════     

[BACKTEST] Downloading historical data...
[ENRICH] Downloading ETH candles...
[ENRICH] ETH + multi-asset: 12 slots
[ENRICH] Downloading macro data...
[ENRICH] +Macro: 23 slots
[ENRICH] Downloading on-chain data...
[ENRICH] +On-chain: 31 slots
[ENRICH] Downloading Fear & Greed...
[ENRICH] +Fear/Greed: 34 slots
[ENRICH] Downloading stablecoin/market data...
[ENRICH] +Stablecoin: 40 slots
[ENRICH] Downloading funding rates...
[ENRICH] +Funding: 42 slots
[ENRICH] Downloading derivatives data...
[ENRICH] +Derivatives: 48 slots
[ENRICH] Downloading Coinglass liquidation + exchange balance...
[ENRICH] Coinglass exchange balance failed: The requested operation requires an element of type 'Object', but the target element has type 'Array'.
[ENRICH] +Coinglass: 2 slots
[ENRICH] Complete: 50 enrichment slots populated
╔══════════════════════════════════════════════════════════╗
║  DATA ENRICHMENT REPORT                                  ║
╠════════════════════════════╦══════════╦══════════════════╣
║ Source                     ║ Status   ║ Rows             ║
╠════════════════════════════╬══════════╬══════════════════╣
║ ETH + Multi-Asset          ║ SUCCESS  ║  121,515         ║
║ Macro (Yahoo)              ║ SUCCESS  ║       10         ║
║ On-Chain (blockchain.info) ║ SUCCESS  ║        8         ║
║ Fear & Greed (alternati... ║ SUCCESS  ║        3         ║
║ Stablecoin (CoinGecko)     ║ SUCCESS  ║        6         ║
║ Funding Rates (Binance)    ║ SUCCESS  ║        2         ║
║ Derivatives (Binance)      ║ SUCCESS  ║        6         ║
║ Coinglass (Liquidation ... ║ SUCCESS  ║        2         ║
╠════════════════════════════╩══════════╩══════════════════╣
║ Sources OK: 8/8  |  Range: 2022-10-24 to 2026-04-12     ║
╚══════════════════════════════════════════════════════════╝
[BACKTEST] Loaded 121015 candles (2022-10-24 to 2026-04-12)
[BACKTEST] Training: 103495 bars (25873h), Validation: 17520 bars (4380h)
[BACKTEST] Resuming from checkpoint: checkpoint_0975.json
[BACKTEST] Restored generation 975, best fitness 1.5396
[BACKTEST] Walk-forward offset: 6720h, stall count: 0
[BACKTEST] Restored 30 species, archive: 70 elites
[BACKTEST] Phase transition: reset species stagnation and cleared archive

Gen       Best     Mean      Med   Sharpe  Sortino   Return    WR  Trades    DD%    CVaR  Sp Inact%   ValFit     Delta   Time
──────────────────────────────────────────────────────────────────────────────────────────────────────────────────────────────────
975     0.7286  -0.3174  -0.1000     1.76     3.43     2.1%   45%      15   2.4% -0.0005  31    62%       — 575.0s
  [WARNING] Worst fitness -4.1263 — severe underperformance in population
  [active] best:0.7286 ret:2.1% trd:15 wr:45% dd:2.4% ddDur:57.4% | pos:23 neg:53 retRange:[-15.0%..2.1%]
976     0.7343  -0.3063  -0.1000     1.59     2.90     1.8%   42%      30   2.7% -0.0006  30    67%  +0.0057 550.8s
  [WARNING] Worst fitness -4.1207 — severe underperformance in population
  [active] best:0.7343 ret:1.8% trd:30 wr:42% dd:2.7% ddDur:54.8% | pos:25 neg:43 retRange:[-15.0%..2.6%]
977     0.7328  -0.4124  -0.1000     1.59     2.90     1.8%   42%      30   2.7% -0.0006  30    65%  -0.0015 560.0s
  [WARNING] Worst fitness -4.1335 — severe underperformance in population
  [active] best:0.7328 ret:1.8% trd:30 wr:42% dd:2.7% ddDur:54.8% | pos:31 neg:41 retRange:[-15.0%..2.1%]
978     0.7633  -0.3439  -0.1000     1.71     3.17     1.7%   49%      31   2.6% -0.0006  30    64%  +0.0305 508.3s
  [WARNING] Worst fitness -4.1451 — severe underperformance in population
  [active] best:0.7633 ret:1.7% trd:31 wr:49% dd:2.6% ddDur:54.8% | pos:33 neg:40 retRange:[-15.0%..2.7%]
979     0.8629  -0.3460  -0.1000     1.78     3.22     2.1%   45%      29   2.5% -0.0006  30    64%  +0.0996 501.0s
  [WARNING] Worst fitness -4.1378 — severe underperformance in population
  [active] best:0.8629 ret:2.1% trd:29 wr:45% dd:2.5% ddDur:54.8% | pos:29 neg:42 retRange:[-15.0%..2.7%]
  [WALK-FWD] Failed (-0.1613), stalled 1/30
980     0.7428  -0.3532  -0.1000     1.76     2.99     2.1%   49%      26   1.7% -0.0005  30    69%  -0.1613 -0.1201 535.3s
  [WARNING] Worst fitness -4.1587 — severe underperformance in population
  [active] best:0.7428 ret:2.1% trd:26 wr:49% dd:1.7% ddDur:66.3% | pos:14 neg:49 retRange:[-15.0%..2.1%]
981     0.7512  -0.2685  -0.1000     1.76     2.99     2.1%   49%      26   1.7% -0.0005  30    70%  +0.0083 613.7s
  [WARNING] Worst fitness -4.1526 — severe underperformance in population
  [active] best:0.7512 ret:2.1% trd:26 wr:49% dd:1.7% ddDur:66.3% | pos:23 neg:40 retRange:[-14.9%..2.1%]
982     0.7424  -0.4013  -0.1000     1.76     2.99     2.1%   49%      26   1.7% -0.0005  30    64%  -0.0087 631.9s
  [WARNING] Worst fitness -4.1300 — severe underperformance in population
  [active] best:0.7424 ret:2.1% trd:26 wr:49% dd:1.7% ddDur:66.3% | pos:31 neg:45 retRange:[-15.0%..2.1%]
983     0.7429  -0.4606  -0.1000     1.76     2.99     2.1%   49%      26   1.7% -0.0005  30    59%  +0.0005 659.1s
  [WARNING] Worst fitness -4.1240 — severe underperformance in population
  [active] best:0.7429 ret:2.1% trd:26 wr:49% dd:1.7% ddDur:66.3% | pos:27 neg:58 retRange:[-15.0%..2.1%]
984     0.7425  -0.3855  -0.1000     1.76     2.99     2.1%   49%      26   1.7% -0.0005  30    64%  -0.0005 627.5s
  [WARNING] Worst fitness -4.1494 — severe underperformance in population
  [active] best:0.7425 ret:2.1% trd:26 wr:49% dd:1.7% ddDur:66.3% | pos:29 neg:47 retRange:[-15.0%..2.1%]
985     0.7471  -0.4582  -0.1000     1.76     2.99     2.1%   49%      26   1.7% -0.0005  30    60%  +0.0046 590.3s
  [WARNING] Worst fitness -4.1391 — severe underperformance in population
  [active] best:0.7471 ret:2.1% trd:26 wr:49% dd:1.7% ddDur:66.3% | pos:26 neg:58 retRange:[-15.0%..2.1%]
986     0.7427  -0.4170  -0.1000     1.76     2.99     2.1%   49%      26   1.7% -0.0005  30    62%  -0.0044 586.1s
  [WARNING] Worst fitness -4.1499 — severe underperformance in population
  [active] best:0.7427 ret:2.1% trd:26 wr:49% dd:1.7% ddDur:66.3% | pos:27 neg:50 retRange:[-15.0%..2.1%]
987     0.7425  -0.4469  -0.1000     1.76     2.99     2.1%   49%      26   1.7% -0.0005  30    58%  -0.0002 575.1s
  [WARNING] Worst fitness -4.1647 — severe underperformance in population
  [active] best:0.7425 ret:2.1% trd:26 wr:49% dd:1.7% ddDur:66.3% | pos:29 neg:56 retRange:[-15.0%..2.1%]
988     0.9462  -0.4461  -0.1000     2.19     3.71     2.0%   52%      44   2.5% -0.0005  30    60%  +0.2037 569.9s
  [WARNING] Worst fitness -4.1211 — severe underperformance in population
  [active] best:0.9462 ret:2.0% trd:44 wr:52% dd:2.5% ddDur:58.2% | pos:31 neg:53 retRange:[-15.0%..2.1%]
989     1.0577  -0.3202  -0.1000     2.38     4.19     3.0%   57%      24   2.3% -0.0007  31    63%  +0.1116 551.3s
  [WARNING] Worst fitness -4.1640 — severe underperformance in population
  [active] best:1.0577 ret:3.0% trd:24 wr:57% dd:2.3% ddDur:63.6% | pos:32 neg:46 retRange:[-15.0%..3.0%]
  [WALK-FWD] Failed (-1.1423), stalled 2/30
990     0.6045  -0.5268  -0.1000     1.42     2.95     2.0%   48%      16   2.2% -0.0007  31    58%  -1.1423 -0.4532 589.5s
  [WARNING] Worst fitness -4.1620 — severe underperformance in population
  [active] best:0.6045 ret:2.0% trd:16 wr:48% dd:2.2% ddDur:49.1% | pos:26 neg:61 retRange:[-15.0%..3.5%]
991     0.6091  -0.4702  -0.1000     1.42     2.95     2.0%   48%      16   2.2% -0.0007  31    66%  +0.0046 597.1s
  [WARNING] Worst fitness -4.1201 — severe underperformance in population
  [active] best:0.6091 ret:2.0% trd:16 wr:48% dd:2.2% ddDur:49.1% | pos:20 neg:51 retRange:[-15.1%..3.5%]
992     0.6045  -0.3148  -0.1000     1.42     2.95     2.0%   48%      16   2.2% -0.0007  31    70%  -0.0046 543.8s
  [WARNING] Worst fitness -4.1339 — severe underperformance in population
  [active] best:0.6045 ret:2.0% trd:16 wr:48% dd:2.2% ddDur:49.1% | pos:27 neg:38 retRange:[-14.9%..3.0%]
993     0.6913  -0.4160  -0.1000     1.62     2.77     1.7%   42%      33   2.6% -0.0006  30    67%  +0.0867 589.6s
  [WARNING] Worst fitness -4.1496 — severe underperformance in population
  [active] best:0.6913 ret:1.7% trd:33 wr:42% dd:2.6% ddDur:54.3% | pos:22 neg:46 retRange:[-15.0%..3.0%]
994     0.6907  -0.4110  -0.1000     1.62     2.77     1.7%   42%      33   2.6% -0.0006  31    64%  -0.0005 553.7s
  [WARNING] Worst fitness -4.1209 — severe underperformance in population
  [active] best:0.6907 ret:1.7% trd:33 wr:42% dd:2.6% ddDur:54.3% | pos:22 neg:53 retRange:[-15.0%..3.6%]
995     0.6913  -0.3400  -0.1000     1.62     2.77     1.7%   42%      33   2.6% -0.0006  29    72%  +0.0006 531.0s
  [WARNING] Worst fitness -4.1530 — severe underperformance in population
  [active] best:0.6913 ret:1.7% trd:33 wr:42% dd:2.6% ddDur:54.3% | pos:23 neg:35 retRange:[-15.0%..3.0%]
996     0.6909  -0.3405  -0.1000     1.62     2.77     1.7%   42%      33   2.6% -0.0006  31    68%  -0.0004 567.0s
  [WARNING] Worst fitness -4.1284 — severe underperformance in population
  [active] best:0.6909 ret:1.7% trd:33 wr:42% dd:2.6% ddDur:54.3% | pos:28 neg:41 retRange:[-15.0%..3.0%]
997     0.6911  -0.3122  -0.1000     1.62     2.77     1.7%   42%      33   2.6% -0.0006  31    70%  +0.0001 550.9s
  [WARNING] Worst fitness -4.1372 — severe underperformance in population
  [active] best:0.6911 ret:1.7% trd:33 wr:42% dd:2.6% ddDur:54.3% | pos:25 neg:39 retRange:[-15.0%..3.0%]
998     0.6908  -0.3106  -0.1000     1.62     2.77     1.7%   42%      33   2.6% -0.0006  29    70%  -0.0003 582.9s
  [WARNING] Worst fitness -4.1600 — severe underperformance in population
  [active] best:0.6908 ret:1.7% trd:33 wr:42% dd:2.6% ddDur:54.3% | pos:30 neg:35 retRange:[-15.0%..3.1%]
999     0.6904  -0.3665  -0.1000     1.62     2.77     1.7%   42%      33   2.6% -0.0006  30    70%  -0.0004 497.2s
  [WARNING] Worst fitness -4.1358 — severe underperformance in population
  [active] best:0.6904 ret:1.7% trd:33 wr:42% dd:2.6% ddDur:54.3% | pos:22 neg:41 retRange:[-15.0%..3.0%]
  [detail] DDDur:54.3%  PopTrd:6200  MedTrd:0  ActAg:63  MaxTrd:696  MaxStag:24/25  CtAdj:9.70  Arch:40  Edges:2783/2783  Sat:0%  Innov:+304  Shrk:0.82
  [checkpoint saved: gen 1000]

═══ VALIDATION ═══                                                        
  Best validation fitness: 0.9550
  Sharpe (adjusted): 2.08
  Return: 6.52%
  Trades: 64, Win rate: 47%
  Max drawdown: 2.89%

═══ ENSEMBLE ═══                                                          
  Species champions: 30
  Ensemble fitness: 0.1389
  Ensemble return: 0.96%
  Ensemble Sharpe: 0.37
  Ensemble trades: 14

  Best genome (by validation) saved to: output_phase4\best_market_genome.json

[BACKTEST] Complete.

  Phase 1 complete in 4.2h.

═══════════════════════════════════════════════════════════     
  PIPELINE PHASE 2/2: market-config.phase5.json
  Generations: 1200
  Output: output_phase5
  Data cache: C:\Users\ederg\source\repos\THE-SEED\pipeline_shared_cache
═══════════════════════════════════════════════════════════     
  Checkpoint copied: checkpoint_1000.json

[BACKTEST] Downloading historical data...
[ENRICH] Downloading ETH candles...
[ENRICH] ETH + multi-asset: 12 slots
[ENRICH] Downloading macro data...
[ENRICH] +Macro: 23 slots
[ENRICH] Downloading on-chain data...
[ENRICH] +On-chain: 31 slots
[ENRICH] Downloading Fear & Greed...
[ENRICH] +Fear/Greed: 34 slots
[ENRICH] Downloading stablecoin/market data...
[ENRICH] +Stablecoin: 40 slots
[ENRICH] Downloading funding rates...
[ENRICH] +Funding: 42 slots
[ENRICH] Downloading derivatives data...
[ENRICH] +Derivatives: 48 slots
[ENRICH] Downloading Coinglass liquidation + exchange balance...
[ENRICH] Coinglass exchange balance failed: The requested operation requires an element of type 'Object', but the target element has type 'Array'.
[ENRICH] +Coinglass: 2 slots
[ENRICH] Complete: 50 enrichment slots populated
╔══════════════════════════════════════════════════════════╗
║  DATA ENRICHMENT REPORT                                  ║
╠════════════════════════════╦══════════╦══════════════════╣
║ Source                     ║ Status   ║ Rows             ║
╠════════════════════════════╬══════════╬══════════════════╣
║ ETH + Multi-Asset          ║ SUCCESS  ║  121,515         ║
║ Macro (Yahoo)              ║ SUCCESS  ║       10         ║
║ On-Chain (blockchain.info) ║ SUCCESS  ║        8         ║
║ Fear & Greed (alternati... ║ SUCCESS  ║        3         ║
║ Stablecoin (CoinGecko)     ║ SUCCESS  ║        6         ║
║ Funding Rates (Binance)    ║ SUCCESS  ║        2         ║
║ Derivatives (Binance)      ║ SUCCESS  ║        6         ║
║ Coinglass (Liquidation ... ║ SUCCESS  ║        2         ║
╠════════════════════════════╩══════════╩══════════════════╣
║ Sources OK: 8/8  |  Range: 2022-10-24 to 2026-04-12     ║
╚══════════════════════════════════════════════════════════╝
[BACKTEST] Loaded 121015 candles (2022-10-24 to 2026-04-12)
[BACKTEST] Training: 103495 bars (25873h), Validation: 17520 bars (4380h)
[BACKTEST] Resuming from checkpoint: checkpoint_1000.json
[BACKTEST] Restored generation 1000, best fitness 1.5396
[BACKTEST] Walk-forward offset: 6720h, stall count: 2
[BACKTEST] Restored 30 species, archive: 40 elites
[BACKTEST] Phase transition: reset species stagnation and cleared archive

Gen       Best     Mean      Med   Sharpe  Sortino   Return    WR  Trades    DD%    CVaR  Sp Inact%   ValFit     Delta   Time
──────────────────────────────────────────────────────────────────────────────────────────────────────────────────────────────────
  [WALK-FWD] Failed (-0.8416), stalled 3/30
1000    0.4189  -0.5267  -0.1000     1.02     1.89     1.6%   37%      22   3.0% -0.0006  31    64%  -0.8416      — 578.0s
  [WARNING] Worst fitness -4.1153 — severe underperformance in population
  [active] best:0.4189 ret:1.6% trd:22 wr:37% dd:3.0% ddDur:64.9% | pos:15 neg:58 retRange:[-15.0%..1.7%]
1001    0.4176  -0.3990  -0.1000     1.02     1.89     1.6%   37%      22   3.0% -0.0006  31    76%  -0.0013 608.4s
  [WARNING] Worst fitness -4.1368 — severe underperformance in population
  [active] best:0.4176 ret:1.6% trd:22 wr:37% dd:3.0% ddDur:64.9% | pos:20 neg:31 retRange:[-14.9%..2.7%]
1002    0.4174  -0.3335  -0.1000     1.02     1.89     1.6%   37%      22   3.0% -0.0006  31    73%  -0.0002 710.1s
  [WARNING] Worst fitness -4.1184 — severe underperformance in population
  [active] best:0.4174 ret:1.6% trd:22 wr:37% dd:3.0% ddDur:64.9% | pos:26 neg:32 retRange:[-15.0%..2.7%]
1003    0.4174  -0.3336  -0.1000     1.02     1.89     1.6%   37%      22   3.0% -0.0006  31    74%  +0.0000 681.7s
  [WARNING] Worst fitness -4.1181 — severe underperformance in population
  [active] best:0.4174 ret:1.6% trd:22 wr:37% dd:3.0% ddDur:64.9% | pos:29 neg:27 retRange:[-15.0%..1.7%]
1004    0.4829  -0.3524  -0.1000     1.22     1.98     1.8%   47%      55   3.5% -0.0006  31    73%  +0.0655 704.6s
  [WARNING] Worst fitness -4.1188 — severe underperformance in population
  [active] best:0.4829 ret:1.8% trd:55 wr:47% dd:3.5% ddDur:62.9% | pos:33 neg:25 retRange:[-15.0%..2.8%]
1005    0.4826  -0.3555  -0.1000     1.22     1.98     1.8%   47%      55   3.5% -0.0006  31    68%  -0.0003 687.1s
  [WARNING] Worst fitness -4.1510 — severe underperformance in population
  [active] best:0.4826 ret:1.8% trd:55 wr:47% dd:3.5% ddDur:62.9% | pos:37 neg:31 retRange:[-15.0%..1.9%]
1006    0.4828  -0.3534  -0.1000     1.22     1.98     1.8%   47%      55   3.5% -0.0006  31    68%  +0.0002 663.4s
  [WARNING] Worst fitness -4.1180 — severe underperformance in population
  [active] best:0.4828 ret:1.8% trd:55 wr:47% dd:3.5% ddDur:62.9% | pos:35 neg:34 retRange:[-15.0%..2.5%]
1007    0.4826  -0.3633  -0.1000     1.22     1.98     1.8%   47%      55   3.5% -0.0006  31    64%  -0.0002 716.8s
  [WARNING] Worst fitness -4.1190 — severe underperformance in population
  [active] best:0.4826 ret:1.8% trd:55 wr:47% dd:3.5% ddDur:62.9% | pos:35 neg:41 retRange:[-15.0%..3.1%]
1008    0.4823  -0.3167  -0.1000     1.22     1.98     1.8%   47%      55   3.5% -0.0006  31    66%  -0.0004 683.0s
  [WARNING] Worst fitness -4.1155 — severe underperformance in population
  [active] best:0.4823 ret:1.8% trd:55 wr:47% dd:3.5% ddDur:62.9% | pos:36 neg:38 retRange:[-14.7%..3.1%]
1009    0.4819  -0.3402  -0.1000     1.22     1.98     1.8%   47%      55   3.5% -0.0006  31    67%  -0.0003 659.5s
  [WARNING] Worst fitness -4.1312 — severe underperformance in population
  [active] best:0.4819 ret:1.8% trd:55 wr:47% dd:3.5% ddDur:62.9% | pos:39 neg:37 retRange:[-15.1%..3.1%]
  [WALK-FWD] Failed (-0.4645), stalled 4/30
1010    0.6807  -0.3827  -0.1000     1.68     2.75     2.5%   44%      40   4.3% -0.0007  31    65%  -0.4645 +0.1988 700.8s
  [WARNING] Worst fitness -4.1181 — severe underperformance in population
  [active] best:0.6807 ret:2.5% trd:40 wr:44% dd:4.3% ddDur:56.9% | pos:26 neg:48 retRange:[-15.0%..3.6%]
1011    0.6806  -0.3878  -0.1000     1.68     2.75     2.5%   44%      40   4.3% -0.0007  31    64%  -0.0001 697.2s
  [WARNING] Worst fitness -4.1220 — severe underperformance in population
  [active] best:0.6806 ret:2.5% trd:40 wr:44% dd:4.3% ddDur:56.9% | pos:30 neg:43 retRange:[-15.0%..4.1%]
1012    0.7083  -0.3794  -0.1000     1.74     2.84     2.6%   45%      39   4.3% -0.0007  31    68%  +0.0277 620.5s
  [WARNING] Worst fitness -4.1189 — severe underperformance in population
  [active] best:0.7083 ret:2.6% trd:39 wr:45% dd:4.3% ddDur:56.8% | pos:28 neg:39 retRange:[-15.0%..4.1%]
1013    0.7889  -0.1988  -0.1000     1.81     2.82     2.5%   50%      47   3.3% -0.0007  31    73%  +0.0806 630.0s
  [WARNING] Worst fitness -4.1166 — severe underperformance in population
  [active] best:0.7889 ret:2.5% trd:47 wr:50% dd:3.3% ddDur:58.9% | pos:30 neg:28 retRange:[-14.9%..3.8%]
1014    0.7893  -0.3890  -0.1000     1.81     2.82     2.5%   50%      47   3.3% -0.0007  31    62%  +0.0004 667.1s
  [WARNING] Worst fitness -4.1171 — severe underperformance in population
  [active] best:0.7893 ret:2.5% trd:47 wr:50% dd:3.3% ddDur:58.9% | pos:33 neg:48 retRange:[-15.0%..4.8%]
1015    0.7758  -0.3114  -0.1000     1.81     2.82     2.5%   50%      47   3.3% -0.0007  31    64%  -0.0135 656.4s
  [WARNING] Worst fitness -4.1356 — severe underperformance in population
  [active] best:0.7758 ret:2.5% trd:47 wr:50% dd:3.3% ddDur:58.9% | pos:43 neg:33 retRange:[-15.1%..4.0%]
1016    0.8467  -0.3496  -0.1000     2.03     3.32     2.9%   48%      39   4.1% -0.0007  31    66%  +0.0709 644.3s
  [WARNING] Worst fitness -4.1093 — severe underperformance in population
  [active] best:0.8467 ret:2.9% trd:39 wr:48% dd:4.1% ddDur:58.7% | pos:38 neg:39 retRange:[-15.0%..4.0%]
1017    0.8464  -0.3962  -0.1000     2.03     3.32     2.9%   48%      39   4.1% -0.0007  31    61%  -0.0003 578.6s
  [WARNING] Worst fitness -4.1187 — severe underperformance in population
  [active] best:0.8464 ret:2.9% trd:39 wr:48% dd:4.1% ddDur:58.7% | pos:34 neg:49 retRange:[-15.0%..4.2%]
1018    0.8454  -0.2822  -0.1000     2.03     3.32     2.9%   48%      39   4.1% -0.0007  31    67%  -0.0010 600.2s
  [WARNING] Worst fitness -4.1185 — severe underperformance in population
  [active] best:0.8454 ret:2.9% trd:39 wr:48% dd:4.1% ddDur:58.7% | pos:38 neg:33 retRange:[-15.0%..4.7%]
1019    0.8452  -0.3127  -0.1000     2.03     3.32     2.9%   48%      39   4.1% -0.0007  31    61%  -0.0002 615.6s
  [WARNING] Worst fitness -4.1178 — severe underperformance in population
  [active] best:0.8452 ret:2.9% trd:39 wr:48% dd:4.1% ddDur:58.7% | pos:43 neg:40 retRange:[-15.0%..4.7%]
  [WALK-FWD] Failed (-0.5890), stalled 5/30
1020    0.6005  -0.3567  -0.1000     1.54     2.49     2.8%   51%      39   2.5% -0.0007  31    64%  -0.5890 -0.2447 631.0s
  [WARNING] Worst fitness -4.1310 — severe underperformance in population
  [active] best:0.6005 ret:2.8% trd:39 wr:51% dd:2.5% ddDur:61.3% | pos:20 neg:59 retRange:[-15.0%..2.8%]
1021    0.5966  -0.3621  -0.1000     1.54     2.49     2.8%   51%      39   2.5% -0.0007  31    68%  -0.0039 675.3s
  [WARNING] Worst fitness -4.1335 — severe underperformance in population
  [active] best:0.5966 ret:2.8% trd:39 wr:51% dd:2.5% ddDur:61.3% | pos:17 neg:48 retRange:[-15.0%..2.8%]
1022    0.5961  -0.3863  -0.1000     1.54     2.49     2.8%   51%      39   2.5% -0.0007  31    70%  -0.0004 556.9s
  [WARNING] Worst fitness -4.1183 — severe underperformance in population
  [active] best:0.5961 ret:2.8% trd:39 wr:51% dd:2.5% ddDur:61.3% | pos:23 neg:41 retRange:[-14.9%..2.8%]
1023    0.5964  -0.4215  -0.1000     1.54     2.49     2.8%   51%      39   2.5% -0.0007  31    68%  +0.0002 682.3s
  [WARNING] Worst fitness -4.1187 — severe underperformance in population
  [active] best:0.5964 ret:2.8% trd:39 wr:51% dd:2.5% ddDur:61.3% | pos:22 neg:45 retRange:[-15.0%..2.8%]
1024    0.5961  -0.2829  -0.1000     1.54     2.49     2.8%   51%      39   2.5% -0.0007  31    69%  -0.0002 568.9s
  [WARNING] Worst fitness -4.1185 — severe underperformance in population
  [active] best:0.5961 ret:2.8% trd:39 wr:51% dd:2.5% ddDur:61.3% | pos:24 neg:40 retRange:[-15.0%..2.8%]
  [detail] DDDur:61.3%  PopTrd:6007  MedTrd:0  ActAg:64  MaxTrd:901  MaxStag:24/25  CtAdj:10.00  Arch:31  Edges:69/69  Sat:0%  Innov:+296  Shrk:0.89
  [checkpoint saved: gen 1025]
1025    0.5962  -0.3341  -0.1000     1.54     2.49     2.8%   51%      39   2.5% -0.0007  31    74%  +0.0001 539.8s
  [WARNING] Worst fitness -4.1182 — severe underperformance in population
  [active] best:0.5962 ret:2.8% trd:39 wr:51% dd:2.5% ddDur:61.3% | pos:19 neg:38 retRange:[-15.0%..3.4%]
1026    0.5960  -0.3758  -0.1000     1.54     2.49     2.8%   51%      39   2.5% -0.0007  31    64%  -0.0002 595.1s
  [WARNING] Worst fitness -4.1350 — severe underperformance in population
  [active] best:0.5960 ret:2.8% trd:39 wr:51% dd:2.5% ddDur:61.3% | pos:27 neg:48 retRange:[-15.0%..3.4%]
1027    0.6008  -0.3435  -0.1000     1.54     2.49     2.8%   51%      39   2.5% -0.0007  31    71%  +0.0047 610.9s
  [WARNING] Worst fitness -4.1332 — severe underperformance in population
  [active] best:0.6008 ret:2.8% trd:39 wr:51% dd:2.5% ddDur:61.3% | pos:26 neg:37 retRange:[-15.0%..3.4%]
1028    0.6009  -0.2878  -0.1000     1.54     2.49     2.8%   51%      39   2.5% -0.0007  31    72%  +0.0002 584.2s
  [WARNING] Worst fitness -4.1266 — severe underperformance in population
  [active] best:0.6009 ret:2.8% trd:39 wr:51% dd:2.5% ddDur:61.3% | pos:28 neg:32 retRange:[-15.0%..3.4%]
1029    0.6002  -0.2854  -0.1000     1.54     2.49     2.8%   51%      39   2.5% -0.0007  31    70%  -0.0007 584.0s
  [WARNING] Worst fitness -4.1152 — severe underperformance in population
  [active] best:0.6002 ret:2.8% trd:39 wr:51% dd:2.5% ddDur:61.3% | pos:29 neg:37 retRange:[-14.7%..3.4%]
  [WALK-FWD] Passed (0.1180), advanced to 7392 bars
1030    0.4988  -0.4265  -0.1000     1.33     2.37     4.3%   34%      20   4.9% -0.0010  31    62%   0.1180 -0.1014 556.4s
  [WARNING] Worst fitness -4.1322 — severe underperformance in population
  [active] best:0.4988 ret:4.3% trd:20 wr:34% dd:4.9% ddDur:60.7% | pos:26 neg:52 retRange:[-15.0%..4.3%]
1031    0.6779  -0.2813  -0.1000     1.62     2.82     2.0%   34%      33   5.0% -0.0007  31    71%  +0.1791 640.9s
  [WARNING] Worst fitness -4.1295 — severe underperformance in population
  [active] best:0.6779 ret:2.0% trd:33 wr:34% dd:5.0% ddDur:60.3% | pos:27 neg:34 retRange:[-14.8%..2.6%]
1032    0.7085  -0.3394  -0.1000     1.68     2.99     2.1%   36%      31   5.1% -0.0007  31    70%  +0.0307 572.7s
  [WARNING] Worst fitness -4.1138 — severe underperformance in population
  [active] best:0.7085 ret:2.1% trd:31 wr:36% dd:5.1% ddDur:60.3% | pos:28 neg:36 retRange:[-15.0%..2.6%]
1033    0.7011  -0.2639  -0.1000     1.68     2.99     2.1%   36%      31   5.1% -0.0007  31    73%  -0.0074 527.2s
  [WARNING] Worst fitness -4.1169 — severe underperformance in population
  [active] best:0.7011 ret:2.1% trd:31 wr:36% dd:5.1% ddDur:60.3% | pos:30 neg:29 retRange:[-15.0%..2.9%]
1034    0.6880  -0.3388  -0.1000     1.68     2.99     2.1%   36%      31   5.1% -0.0007  31    72%  -0.0131 637.7s
  [WARNING] Worst fitness -4.1317 — severe underperformance in population
  [active] best:0.6880 ret:2.1% trd:31 wr:36% dd:5.1% ddDur:60.3% | pos:23 neg:37 retRange:[-15.0%..2.9%]
1035    0.6890  -0.3712  -0.1000     1.68     2.99     2.1%   36%      31   5.1% -0.0007  31    68%  +0.0010 566.5s
  [WARNING] Worst fitness -4.1346 — severe underperformance in population
  [active] best:0.6890 ret:2.1% trd:31 wr:36% dd:5.1% ddDur:60.3% | pos:28 neg:37 retRange:[-14.9%..2.2%]
1036    0.6882  -0.3770  -0.1000     1.68     2.99     2.1%   36%      31   5.1% -0.0007  31    66%  -0.0008 560.3s
  [WARNING] Worst fitness -4.1288 — severe underperformance in population
  [active] best:0.6882 ret:2.1% trd:31 wr:36% dd:5.1% ddDur:60.3% | pos:35 neg:36 retRange:[-14.9%..2.9%]
1037    0.6879  -0.5199  -0.1000     1.68     2.99     2.1%   36%      31   5.1% -0.0007  31    59%  -0.0003 676.9s
  [WARNING] Worst fitness -4.1375 — severe underperformance in population
  [active] best:0.6879 ret:2.1% trd:31 wr:36% dd:5.1% ddDur:60.3% | pos:38 neg:46 retRange:[-15.0%..3.1%]
1038    0.7485  -0.3990  -0.1000     1.77     3.02     2.8%   41%      25   2.9% -0.0007  31    62%  +0.0605 577.0s
  [WARNING] Worst fitness -4.1169 — severe underperformance in population
  [active] best:0.7485 ret:2.8% trd:25 wr:41% dd:2.9% ddDur:57.1% | pos:39 neg:41 retRange:[-14.9%..3.1%]
1039    0.7440  -0.3900  -0.1000     1.77     3.02     2.8%   41%      25   2.9% -0.0007  31    61%  -0.0045 545.2s
  [WARNING] Worst fitness -4.1318 — severe underperformance in population
  [active] best:0.7440 ret:2.8% trd:25 wr:41% dd:2.9% ddDur:57.1% | pos:46 neg:39 retRange:[-15.0%..3.1%]
  [WALK-FWD] Failed (-0.9851), stalled 1/30
1040    0.4336  -0.4071  -0.1000     1.10     1.77     1.6%   43%      40   3.3% -0.0006  31    58%  -0.9851 -0.3104 536.1s
  [WARNING] Worst fitness -4.1299 — severe underperformance in population
  [active] best:0.4336 ret:1.6% trd:40 wr:43% dd:3.3% ddDur:48.2% | pos:26 neg:59 retRange:[-15.0%..1.9%]
1041    0.5059  -0.4023  -0.1000     1.24     2.03     1.8%   45%      40   3.5% -0.0006  31    66%  +0.0723 535.6s
  [WARNING] Worst fitness -4.1315 — severe underperformance in population
  [active] best:0.5059 ret:1.8% trd:40 wr:45% dd:3.5% ddDur:48.2% | pos:23 neg:47 retRange:[-15.0%..1.9%]
1042    0.5105  -0.3047  -0.1000     1.24     2.03     1.8%   45%      40   3.5% -0.0006  31    66%  +0.0046 589.1s
  [WARNING] Worst fitness -4.1219 — severe underperformance in population
  [active] best:0.5105 ret:1.8% trd:40 wr:45% dd:3.5% ddDur:48.2% | pos:33 neg:38 retRange:[-15.1%..1.9%]
1043    0.5582  -0.2358  -0.1000     1.38     2.27     2.0%   38%      36   3.4% -0.0007  31    68%  +0.0477 621.8s
  [WARNING] Worst fitness -4.1161 — severe underperformance in population
  [active] best:0.5582 ret:2.0% trd:36 wr:38% dd:3.4% ddDur:81.1% | pos:34 neg:32 retRange:[-14.9%..2.0%]
1044    0.5659  -0.3479  -0.1000     1.38     2.27     2.0%   38%      36   3.4% -0.0007  31    62%  +0.0077 568.0s
  [WARNING] Worst fitness -4.1361 — severe underperformance in population
  [active] best:0.5659 ret:2.0% trd:36 wr:38% dd:3.4% ddDur:81.1% | pos:32 neg:49 retRange:[-14.9%..2.0%]
1045    0.5725  -0.3609  -0.1000     1.35     2.20     2.0%   46%      40   3.8% -0.0007  31    58%  +0.0066 620.9s
  [WARNING] Worst fitness -4.1177 — severe underperformance in population
  [active] best:0.5725 ret:2.0% trd:40 wr:46% dd:3.8% ddDur:50.3% | pos:32 neg:54 retRange:[-15.0%..2.1%]
1046    0.5594  -0.5325  -0.1000     1.35     2.20     2.0%   46%      40   3.8% -0.0007  31    54%  -0.0131 635.7s
  [WARNING] Worst fitness -4.1417 — severe underperformance in population
  [active] best:0.5594 ret:2.0% trd:40 wr:46% dd:3.8% ddDur:50.3% | pos:38 neg:56 retRange:[-15.0%..2.0%]
1047    0.5623  -0.4515  -0.1000     1.38     2.27     2.0%   38%      36   3.4% -0.0007  31    58%  +0.0029 644.5s
  [WARNING] Worst fitness -4.1186 — severe underperformance in population
  [active] best:0.5623 ret:2.0% trd:36 wr:38% dd:3.4% ddDur:81.1% | pos:31 neg:55 retRange:[-15.1%..2.0%]
1048    0.8568  -0.4201  -0.1000     2.08     3.31     2.6%   50%      79   2.7% -0.0007  31    56%  +0.2946 610.5s
  [WARNING] Worst fitness -4.1188 — severe underperformance in population
  [active] best:0.8568 ret:2.6% trd:79 wr:50% dd:2.7% ddDur:83.5% | pos:39 neg:52 retRange:[-15.0%..3.2%]
1049    0.8556  -0.3374  -0.1000     2.08     3.31     2.6%   50%      79   2.7% -0.0007  31    56%  -0.0013 685.2s
  [WARNING] Worst fitness -4.1187 — severe underperformance in population
  [active] best:0.8556 ret:2.6% trd:79 wr:50% dd:2.7% ddDur:83.5% | pos:44 neg:44 retRange:[-15.0%..2.6%]
  [detail] DDDur:83.5%  PopTrd:8325  MedTrd:0  ActAg:88  MaxTrd:686  MaxStag:24/25  CtAdj:10.00  Arch:31  Edges:1371/1371  Sat:0%  Innov:+225  Shrk:0.94
  [checkpoint saved: gen 1050]
  [WALK-FWD] Failed (-0.3233), stalled 2/30
1050    0.3576  -0.4184  -0.1000     1.02     1.68     1.5%   40%      35   4.2% -0.0008  31    56%  -0.3233 -0.4979 692.1s
  [WARNING] Worst fitness -4.1300 — severe underperformance in population
  [active] best:0.3576 ret:1.5% trd:35 wr:40% dd:4.2% ddDur:84.1% | pos:29 neg:60 retRange:[-14.9%..1.6%]
1051    0.3583  -0.3942  -0.1000     1.02     1.68     1.5%   40%      35   4.2% -0.0008  31    66%  +0.0007 651.9s
  [WARNING] Worst fitness -4.1187 — severe underperformance in population
  [active] best:0.3583 ret:1.5% trd:35 wr:40% dd:4.2% ddDur:84.1% | pos:18 neg:50 retRange:[-15.0%..1.7%]
1052    0.7474  -0.4314  -0.1000     1.80     2.98     3.3%   41%      47   2.9% -0.0009  31    62%  +0.3891 635.0s
  [WARNING] Worst fitness -4.1183 — severe underperformance in population
  [active] best:0.7474 ret:3.3% trd:47 wr:41% dd:2.9% ddDur:80.1% | pos:29 neg:47 retRange:[-15.0%..3.3%]
1053    0.7432  -0.4765  -0.1000     1.80     2.98     3.3%   41%      47   2.9% -0.0009  31    62%  -0.0042 605.2s
  [WARNING] Worst fitness -4.1179 — severe underperformance in population
  [active] best:0.7432 ret:3.3% trd:47 wr:41% dd:2.9% ddDur:80.1% | pos:22 neg:52 retRange:[-15.0%..3.3%]
1054    0.7346  -0.3462  -0.1000     1.80     2.98     3.3%   41%      47   2.9% -0.0009  31    62%  -0.0086 626.1s
  [WARNING] Worst fitness -4.1413 — severe underperformance in population
  [active] best:0.7346 ret:3.3% trd:47 wr:41% dd:2.9% ddDur:80.1% | pos:29 neg:47 retRange:[-14.9%..3.3%]
1055    0.7343  -0.3139  -0.1000     1.80     2.98     3.3%   41%      47   2.9% -0.0009  31    63%  -0.0003 590.2s
  [WARNING] Worst fitness -4.1032 — severe underperformance in population
  [active] best:0.7343 ret:3.3% trd:47 wr:41% dd:2.9% ddDur:80.1% | pos:31 neg:42 retRange:[-15.0%..3.3%]
1056    0.7303  -0.3684  -0.1000     1.80     2.98     3.3%   41%      47   2.9% -0.0009  31    56%  -0.0040 598.3s
  [WARNING] Worst fitness -4.1157 — severe underperformance in population
  [active] best:0.7303 ret:3.3% trd:47 wr:41% dd:2.9% ddDur:80.1% | pos:36 neg:52 retRange:[-15.0%..3.3%]
1057    0.7345  -0.3839  -0.1000     1.80     2.98     3.3%   41%      47   2.9% -0.0009  31    60%  +0.0042 598.8s
  [WARNING] Worst fitness -4.1178 — severe underperformance in population
  [active] best:0.7345 ret:3.3% trd:47 wr:41% dd:2.9% ddDur:80.1% | pos:34 neg:47 retRange:[-14.9%..3.3%]
1058    0.7342  -0.3325  -0.1000     1.80     2.98     3.3%   41%      47   2.9% -0.0009  31    60%  -0.0003 535.2s
  [WARNING] Worst fitness -4.1360 — severe underperformance in population
  [active] best:0.7342 ret:3.3% trd:47 wr:41% dd:2.9% ddDur:80.1% | pos:41 neg:38 retRange:[-15.0%..3.3%]
1059    0.7340  -0.4199  -0.1000     1.80     2.98     3.3%   41%      47   2.9% -0.0009  31    55%  -0.0002 463.6s
  [WARNING] Worst fitness -4.1515 — severe underperformance in population
  [active] best:0.7340 ret:3.3% trd:47 wr:41% dd:2.9% ddDur:80.1% | pos:38 neg:52 retRange:[-15.0%..3.3%]
  [WALK-FWD] Failed (-0.3721), stalled 3/30
1060    0.5025  -0.4801  -0.1000     1.25     2.14     1.7%   47%      29   3.4% -0.0006  31    56%  -0.3721 -0.2315 574.7s
  [WARNING] Worst fitness -4.1354 — severe underperformance in population
  [active] best:0.5025 ret:1.7% trd:29 wr:47% dd:3.4% ddDur:86.0% | pos:33 neg:58 retRange:[-15.0%..1.7%]
1061    0.6237  -0.4921  -0.1000     1.63     3.20     2.6%   44%      26   3.4% -0.0006  31    58%  +0.1213 532.6s
  [WARNING] Worst fitness -4.1289 — severe underperformance in population
  [active] best:0.6237 ret:2.6% trd:26 wr:44% dd:3.4% ddDur:97.3% | pos:30 neg:56 retRange:[-15.0%..2.6%]
1062    0.6221  -0.4886  -0.1000     1.63     3.20     2.6%   44%      26   3.4% -0.0006  31    57%  -0.0016 567.3s
  [WARNING] Worst fitness -4.1306 — severe underperformance in population
  [active] best:0.6221 ret:2.6% trd:26 wr:44% dd:3.4% ddDur:97.3% | pos:35 neg:52 retRange:[-15.0%..2.6%]
1063    0.6365  -0.2924  -0.1000     1.49     2.55     2.0%   50%      28   3.0% -0.0006  31    60%  +0.0144 545.5s
  [WARNING] Worst fitness -4.1013 — severe underperformance in population
  [active] best:0.6365 ret:2.0% trd:28 wr:50% dd:3.0% ddDur:86.0% | pos:45 neg:36 retRange:[-15.0%..2.6%]
1064    0.7654  -0.3506  -0.1000     1.29     2.30     1.9%   44%      30   2.8% -0.0007  31    58%  +0.1288 532.8s
  [WARNING] Worst fitness -4.1159 — severe underperformance in population
  [active] best:0.7654 ret:1.9% trd:30 wr:44% dd:2.8% ddDur:76.1% | pos:40 neg:46 retRange:[-15.0%..2.6%]
1065    0.8205  -0.4415  -0.1000     2.04     3.64     2.4%   57%      30   2.3% -0.0005  31    54%  +0.0552 567.6s
  [WARNING] Worst fitness -4.1382 — severe underperformance in population
  [active] best:0.8205 ret:2.4% trd:30 wr:57% dd:2.3% ddDur:92.7% | pos:45 neg:48 retRange:[-15.0%..2.6%]
1066    0.8203  -0.5267  -0.1000     2.04     3.64     2.4%   57%      30   2.3% -0.0005  31    53%  -0.0003 554.9s
  [WARNING] Worst fitness -4.1260 — severe underperformance in population
  [active] best:0.8203 ret:2.4% trd:30 wr:57% dd:2.3% ddDur:92.7% | pos:33 neg:62 retRange:[-15.0%..2.6%]
1067    0.8201  -0.3463  -0.1000     2.04     3.64     2.4%   57%      30   2.3% -0.0005  31    51%  -0.0002 542.5s
  [WARNING] Worst fitness -4.1179 — severe underperformance in population
  [active] best:0.8201 ret:2.4% trd:30 wr:57% dd:2.3% ddDur:92.7% | pos:50 neg:50 retRange:[-15.0%..3.1%]
1068    0.8198  -0.3118  -0.1000     2.04     3.64     2.4%   57%      30   2.3% -0.0005  31    54%  -0.0003 529.1s
  [WARNING] Worst fitness -4.1404 — severe underperformance in population
  [active] best:0.8198 ret:2.4% trd:30 wr:57% dd:2.3% ddDur:92.7% | pos:44 neg:49 retRange:[-15.0%..3.1%]
1069    0.8237  -0.3660  -0.1000     2.04     3.64     2.4%   57%      30   2.3% -0.0005  31    54%  +0.0040 533.5s
  [WARNING] Worst fitness -4.1188 — severe underperformance in population
  [active] best:0.8237 ret:2.4% trd:30 wr:57% dd:2.3% ddDur:92.7% | pos:47 neg:45 retRange:[-15.1%..3.1%]
  [WALK-FWD] Failed (-0.0114), stalled 4/30
1070    0.9775  -0.4774  -0.1000     2.15     3.70     2.6%   46%      38   2.5% -0.0006  31    56%  -0.0114 +0.1538 596.6s
  [WARNING] Worst fitness -4.1209 — severe underperformance in population
  [active] best:0.9775 ret:2.6% trd:38 wr:46% dd:2.5% ddDur:41.0% | pos:30 neg:61 retRange:[-15.0%..3.4%]
1071    0.9763  -0.4124  -0.1000     2.15     3.70     2.6%   46%      38   2.5% -0.0006  31    60%  -0.0012 536.3s
  [WARNING] Worst fitness -4.1244 — severe underperformance in population
  [active] best:0.9763 ret:2.6% trd:38 wr:46% dd:2.5% ddDur:41.0% | pos:31 neg:53 retRange:[-15.0%..3.8%]
1072    0.9763  -0.2657  -0.1000     2.15     3.70     2.6%   46%      38   2.5% -0.0006  31    64%  -+0.0000 586.8s
  [WARNING] Worst fitness -4.1192 — severe underperformance in population
  [active] best:0.9763 ret:2.6% trd:38 wr:46% dd:2.5% ddDur:41.0% | pos:39 neg:35 retRange:[-15.0%..3.3%]
1073    0.9764  -0.2489  -0.1000     2.15     3.70     2.6%   46%      38   2.5% -0.0006  31    64%  +0.0002 532.7s
  [WARNING] Worst fitness -4.1188 — severe underperformance in population
  [active] best:0.9764 ret:2.6% trd:38 wr:46% dd:2.5% ddDur:41.0% | pos:42 neg:32 retRange:[-15.0%..3.4%]
1074    0.9763  -0.2436  -0.1000     2.15     3.70     2.6%   46%      38   2.5% -0.0006  31    64%  -0.0002 496.1s
  [WARNING] Worst fitness -4.1330 — severe underperformance in population
  [active] best:0.9763 ret:2.6% trd:38 wr:46% dd:2.5% ddDur:41.0% | pos:42 neg:31 retRange:[-14.8%..4.8%]
  [detail] DDDur:41.0%  PopTrd:5575  MedTrd:0  ActAg:73  MaxTrd:840  MaxStag:25/25  CtAdj:10.00  Arch:31  Edges:7872/7872  Sat:0%  Innov:+198  Shrk:0.88
  [checkpoint saved: gen 1075]
1075    0.9805  -0.3695  -0.1000     2.15     3.70     2.6%   46%      38   2.5% -0.0006  31    59%  +0.0043 538.2s
  [WARNING] Worst fitness -4.1174 — severe underperformance in population
  [active] best:0.9805 ret:2.6% trd:38 wr:46% dd:2.5% ddDur:41.0% | pos:43 neg:41 retRange:[-15.0%..5.6%]
1076    0.9763  -0.3526  -0.1000     2.15     3.70     2.6%   46%      38   2.5% -0.0006  31    64%  -0.0042 609.4s
  [WARNING] Worst fitness -4.1483 — severe underperformance in population
  [active] best:0.9763 ret:2.6% trd:38 wr:46% dd:2.5% ddDur:41.0% | pos:36 neg:37 retRange:[-15.0%..3.9%]
1077    0.9766  -0.3482  -0.1000     2.15     3.70     2.6%   46%      38   2.5% -0.0006  31    60%  +0.0003 579.7s
  [WARNING] Worst fitness -4.1320 — severe underperformance in population
  [active] best:0.9766 ret:2.6% trd:38 wr:46% dd:2.5% ddDur:41.0% | pos:44 neg:36 retRange:[-14.8%..4.7%]
1078    1.0272  -0.3383  -0.1000     2.29     3.88     2.9%   44%      43   2.9% -0.0006  31    60%  +0.0505 595.8s
  [WARNING] Worst fitness -4.1495 — severe underperformance in population
  [active] best:1.0272 ret:2.9% trd:43 wr:44% dd:2.9% ddDur:50.6% | pos:41 neg:41 retRange:[-15.0%..4.7%]
1079    1.0270  -0.3444  -0.1000     2.29     3.88     2.9%   44%      43   2.9% -0.0006  31    59%  -0.0002 610.9s
  [WARNING] Worst fitness -4.1492 — severe underperformance in population
  [active] best:1.0270 ret:2.9% trd:43 wr:44% dd:2.9% ddDur:50.6% | pos:49 neg:37 retRange:[-15.0%..4.7%]
  [WALK-FWD] Failed (-1.3361), stalled 5/30
1080    0.4063  -0.4823  -0.1000     1.08     1.79     1.8%   46%      41   3.4% -0.0008  31    57%  -1.3361 -0.6207 588.5s
  [WARNING] Worst fitness -4.1271 — severe underperformance in population
  [active] best:0.4063 ret:1.8% trd:41 wr:46% dd:3.4% ddDur:71.4% | pos:25 neg:62 retRange:[-15.0%..3.4%]
1081    0.5108  -0.4362  -0.1000     1.25     1.98     1.9%   46%      56   3.2% -0.0007  31    64%  +0.1045 657.1s
  [WARNING] Worst fitness -4.1309 — severe underperformance in population
  [active] best:0.5108 ret:1.9% trd:56 wr:46% dd:3.2% ddDur:57.6% | pos:27 neg:45 retRange:[-15.0%..3.1%]
1082    0.5110  -0.3375  -0.1000     1.25     1.98     1.9%   46%      56   3.2% -0.0007  31    66%  +0.0002 563.0s
  [WARNING] Worst fitness -4.1196 — severe underperformance in population
  [active] best:0.5110 ret:1.9% trd:56 wr:46% dd:3.2% ddDur:57.6% | pos:31 neg:36 retRange:[-15.0%..3.1%]
1083    0.5107  -0.4590  -0.1000     1.25     1.98     1.9%   46%      56   3.2% -0.0007  31    65%  -0.0003 620.3s
  [WARNING] Worst fitness -4.1186 — severe underperformance in population
  [active] best:0.5107 ret:1.9% trd:56 wr:46% dd:3.2% ddDur:57.6% | pos:25 neg:46 retRange:[-15.1%..3.3%]
1084    0.5106  -0.4327  -0.1000     1.25     1.98     1.9%   46%      56   3.2% -0.0007  31    65%  -0.0001 532.6s
  [WARNING] Worst fitness -4.1179 — severe underperformance in population
  [active] best:0.5106 ret:1.9% trd:56 wr:46% dd:3.2% ddDur:57.6% | pos:31 neg:40 retRange:[-15.1%..3.1%]
1085    0.7279  -0.3897  -0.1000     1.73     2.99     2.7%   46%      29   3.7% -0.0007  31    64%  +0.2173 629.3s
  [WARNING] Worst fitness -4.1159 — severe underperformance in population
  [active] best:0.7279 ret:2.7% trd:29 wr:46% dd:3.7% ddDur:62.5% | pos:29 neg:43 retRange:[-14.9%..3.1%]
1086    0.7231  -0.2489  -0.1000     1.73     2.99     2.7%   46%      29   3.7% -0.0007  31    68%  -0.0048 576.4s
  [WARNING] Worst fitness -4.1204 — severe underperformance in population
  [active] best:0.7231 ret:2.7% trd:29 wr:46% dd:3.7% ddDur:62.5% | pos:31 neg:35 retRange:[-14.4%..3.2%]
1087    0.7167  -0.3316  -0.1000     1.74     2.78     2.7%   45%      56   3.6% -0.0008  31    68%  -0.0064 634.6s
  [WARNING] Worst fitness -4.1172 — severe underperformance in population
  [active] best:0.7167 ret:2.7% trd:56 wr:45% dd:3.6% ddDur:57.8% | pos:33 neg:33 retRange:[-14.9%..3.8%]
1088    0.7171  -0.4161  -0.1000     1.74     2.78     2.7%   45%      56   3.6% -0.0008  31    68%  +0.0004 525.8s
  [WARNING] Worst fitness -4.1297 — severe underperformance in population
  [active] best:0.7171 ret:2.7% trd:56 wr:45% dd:3.6% ddDur:57.8% | pos:24 neg:41 retRange:[-15.0%..3.2%]
1089    0.7166  -0.3718  -0.1000     1.74     2.78     2.7%   45%      56   3.6% -0.0008  31    66%  -0.0005 660.8s
  [WARNING] Worst fitness -4.1184 — severe underperformance in population
  [active] best:0.7166 ret:2.7% trd:56 wr:45% dd:3.6% ddDur:57.8% | pos:30 neg:40 retRange:[-15.0%..3.2%]
  [OVERFIT] Validation declining for 6 checks while training improves
  [WALK-FWD] Failed (-0.7844), stalled 6/30
1090    0.6663  -0.5132  -0.1000     1.68     3.09     3.6%   30%      17   3.6% -0.0010  31    56%  -0.7844 -0.0503 548.2s
  [WARNING] Worst fitness -4.1177 — severe underperformance in population
  [active] best:0.6663 ret:3.6% trd:17 wr:30% dd:3.6% ddDur:82.0% | pos:20 neg:67 retRange:[-15.0%..4.4%]
1091    0.6704  -0.5950  -0.1000     1.68     3.09     3.6%   30%      17   3.6% -0.0010  31    58%  +0.0041 651.1s
  [WARNING] Worst fitness -4.1317 — severe underperformance in population
  [active] best:0.6704 ret:3.6% trd:17 wr:30% dd:3.6% ddDur:82.0% | pos:26 neg:58 retRange:[-15.1%..4.4%]
1092    0.6744  -0.5171  -0.1000     1.68     3.09     3.6%   30%      17   3.6% -0.0010  31    61%  +0.0040 602.5s
  [WARNING] Worst fitness -4.1175 — severe underperformance in population
  [active] best:0.6744 ret:3.6% trd:17 wr:30% dd:3.6% ddDur:82.0% | pos:30 neg:49 retRange:[-15.1%..4.4%]
1093    0.6659  -0.4945  -0.1000     1.68     3.09     3.6%   30%      17   3.6% -0.0010  31    61%  -0.0086 624.9s
  [WARNING] Worst fitness -4.1357 — severe underperformance in population
  [active] best:0.6659 ret:3.6% trd:17 wr:30% dd:3.6% ddDur:82.0% | pos:32 neg:49 retRange:[-15.1%..4.4%]
1094    0.6660  -0.5248  -0.1000     1.68     3.09     3.6%   30%      17   3.6% -0.0010  31    62%  +0.0001 643.4s
  [WARNING] Worst fitness -4.1153 — severe underperformance in population
  [active] best:0.6660 ret:3.6% trd:17 wr:30% dd:3.6% ddDur:82.0% | pos:32 neg:49 retRange:[-14.8%..4.5%]
1095    0.6659  -0.4906  -0.1000     1.68     3.09     3.6%   30%      17   3.6% -0.0010  31    58%  -0.0001 640.7s
  [WARNING] Worst fitness -4.1163 — severe underperformance in population
  [active] best:0.6659 ret:3.6% trd:17 wr:30% dd:3.6% ddDur:82.0% | pos:38 neg:45 retRange:[-15.0%..4.4%]
1096    0.6666  -0.4837  -0.1000     1.68     3.09     3.6%   30%      17   3.6% -0.0010  31    58%  +0.0007 589.4s
  [WARNING] Worst fitness -4.1189 — severe underperformance in population
  [active] best:0.6666 ret:3.6% trd:17 wr:30% dd:3.6% ddDur:82.0% | pos:28 neg:57 retRange:[-15.1%..4.4%]
1097    0.7335  -0.4106  -0.1000     1.84     4.26     3.9%   54%       9   2.7% -0.0007  31    60%  +0.0669 537.9s
  [WARNING] Worst fitness -4.1487 — severe underperformance in population
  [active] best:0.7335 ret:3.9% trd:9 wr:54% dd:2.7% ddDur:78.3% | pos:39 neg:43 retRange:[-15.0%..4.5%]
1098    0.7333  -0.3539  -0.1000     1.84     4.26     3.9%   54%       9   2.7% -0.0007  31    62%  -0.0002 531.8s
  [WARNING] Worst fitness -4.1394 — severe underperformance in population
  [active] best:0.7333 ret:3.9% trd:9 wr:54% dd:2.7% ddDur:78.3% | pos:38 neg:40 retRange:[-15.0%..4.4%]
1099    0.7325  -0.2967  -0.1000     1.84     4.26     3.9%   54%       9   2.7% -0.0007  31    58%  -0.0008 578.5s
  [WARNING] Worst fitness -4.1179 — severe underperformance in population
  [active] best:0.7325 ret:3.9% trd:9 wr:54% dd:2.7% ddDur:78.3% | pos:46 neg:38 retRange:[-15.1%..4.4%]
  [detail] DDDur:78.3%  PopTrd:8134  MedTrd:0  ActAg:84  MaxTrd:811  MaxStag:23/25  CtAdj:10.00  Arch:31  Edges:151/151  Sat:0%  Innov:+194  Shrk:0.63
  [checkpoint saved: gen 1100]
  [OVERFIT] Validation declining for 7 checks while training improves
  [WALK-FWD] Failed (-0.7689), stalled 7/30
1100    0.8664  -0.4624  -0.1000     2.01     3.50     2.5%   44%      27   2.2% -0.0005  31    64%  -0.7689 +0.1339 575.2s
  [WARNING] Worst fitness -4.1344 — severe underperformance in population
  [active] best:0.8664 ret:2.5% trd:27 wr:44% dd:2.2% ddDur:49.6% | pos:25 neg:61 retRange:[-15.0%..2.9%]
1101    0.8667  -0.5137  -0.1000     2.01     3.50     2.5%   44%      27   2.2% -0.0005  31    67%  +0.0003 700.3s
  [WARNING] Worst fitness -4.1316 — severe underperformance in population
  [active] best:0.8667 ret:2.5% trd:27 wr:44% dd:2.2% ddDur:49.6% | pos:22 neg:48 retRange:[-15.0%..2.7%]
1102    0.8659  -0.4489  -0.1000     2.01     3.50     2.5%   44%      27   2.2% -0.0005  31    64%  -0.0008 666.3s
  [WARNING] Worst fitness -4.1195 — severe underperformance in population
  [active] best:0.8659 ret:2.5% trd:27 wr:44% dd:2.2% ddDur:49.6% | pos:31 neg:48 retRange:[-15.0%..3.1%]
1103    0.8653  -0.4172  -0.1000     2.01     3.50     2.5%   44%      27   2.2% -0.0005  31    68%  -0.0006 732.8s
  [WARNING] Worst fitness -4.1172 — severe underperformance in population
  [active] best:0.8653 ret:2.5% trd:27 wr:44% dd:2.2% ddDur:49.6% | pos:26 neg:43 retRange:[-15.0%..3.0%]
1104    0.8697  -0.4333  -0.1000     2.01     3.50     2.5%   44%      27   2.2% -0.0005  31    62%  +0.0044 596.8s
  [WARNING] Worst fitness -4.1164 — severe underperformance in population
  [active] best:0.8697 ret:2.5% trd:27 wr:44% dd:2.2% ddDur:49.6% | pos:34 neg:50 retRange:[-14.9%..3.0%]
1105    0.8652  -0.4052  -0.1000     2.01     3.50     2.5%   44%      27   2.2% -0.0005  31    64%  -0.0045 622.1s
  [WARNING] Worst fitness -4.1189 — severe underperformance in population
  [active] best:0.8652 ret:2.5% trd:27 wr:44% dd:2.2% ddDur:49.6% | pos:33 neg:46 retRange:[-15.0%..3.1%]
1106    0.8654  -0.4252  -0.1000     2.01     3.50     2.5%   44%      27   2.2% -0.0005  31    68%  +0.0002 596.7s
  [WARNING] Worst fitness -4.1336 — severe underperformance in population
  [active] best:0.8654 ret:2.5% trd:27 wr:44% dd:2.2% ddDur:49.6% | pos:27 neg:41 retRange:[-14.9%..3.0%]
1107    0.8653  -0.4910  -0.1000     2.01     3.50     2.5%   44%      27   2.2% -0.0005  31    65%  -0.0001 601.2s
  [WARNING] Worst fitness -4.1346 — severe underperformance in population
  [active] best:0.8653 ret:2.5% trd:27 wr:44% dd:2.2% ddDur:49.6% | pos:33 neg:47 retRange:[-15.0%..3.0%]
1108    0.8655  -0.4585  -0.1000     2.01     3.50     2.5%   44%      27   2.2% -0.0005  31    65%  +0.0002 574.3s
  [WARNING] Worst fitness -4.1360 — severe underperformance in population
  [active] best:0.8655 ret:2.5% trd:27 wr:44% dd:2.2% ddDur:49.6% | pos:32 neg:45 retRange:[-14.9%..3.3%]
1109    0.8658  -0.4441  -0.1000     2.01     3.50     2.5%   44%      27   2.2% -0.0005  31    66%  +0.0003 547.0s
  [WARNING] Worst fitness -4.1314 — severe underperformance in population
  [active] best:0.8658 ret:2.5% trd:27 wr:44% dd:2.2% ddDur:49.6% | pos:27 neg:45 retRange:[-15.0%..3.0%]
